<?xml version="1.0" encoding="UTF-8"?>
<testsuite xmlns:xsi="http://www.w3.org/2001/XMLSchema-instance" xsi:noNamespaceSchemaLocation="https://maven.apache.org/surefire/maven-surefire-plugin/xsd/surefire-test-report-3.0.xsd" version="3.0" name="efs.task.todoapp.TaskServiceTest" time="0.623" tests="10" errors="0" skipped="0" failures="0">
  <properties>
[...]
</properties>
  <testcase name="givenOtherUserTask_whenDeleting_thenReturns403Forbidden" classname="efs.task.todoapp.TaskServiceTest" time="0.309">
    <system-out><![CDATA[19:37:55.613 [HTTP-Dispatcher] INFO efs.task.todoapp.AppConsoleLogger - User added: janKowalski
19:37:55.649 [HTTP-Dispatcher] INFO efs.task.todoapp.AppConsoleLogger - User added: pawel
19:37:55.666 [HTTP-Dispatcher] INFO efs.task.todoapp.AppConsoleLogger - New task has been added for owner: janKowalski! Status code 201
19:37:55.670 [HTTP-Dispatcher] INFO efs.task.todoapp.AppConsoleLogger - New task has been added for owner: pawel! Status code 201
19:37:55.673 [HTTP-Dispatcher] INFO efs.task.todoapp.AppConsoleLogger - Data forbidden for user! Status code 403
]]></system-out>
  </testcase>
  <testcase name="givenOtherUserTask_whenGetting_thenReturns403Forbidden" classname="efs.task.todoapp.TaskServiceTest" time="0.025">
    <system-out><![CDATA[19:37:55.699 [HTTP-Dispatcher] INFO efs.task.todoapp.AppConsoleLogger - User added: janKowalski
19:37:55.702 [HTTP-Dispatcher] INFO efs.task.todoapp.AppConsoleLogger - User added: pawel
19:37:55.705 [HTTP-Dispatcher] INFO efs.task.todoapp.AppConsoleLogger - New task has been added for owner: janKowalski! Status code 201
19:37:55.708 [HTTP-Dispatcher] INFO efs.task.todoapp.AppConsoleLogger - New task has been added for owner: pawel! Status code 201
19:37:55.711 [HTTP-Dispatcher] INFO efs.task.todoapp.AppConsoleLogger - Data forbidden for user! Status code 403
]]></system-out>
  </testcase>
  <testcase name="givenInvalidTaskId_whenGetting_thenReturns404NotFound" classname="efs.task.todoapp.TaskServiceTest" time="0.016">
    <system-out><![CDATA[19:37:55.723 [HTTP-Dispatcher] INFO efs.task.todoapp.AppConsoleLogger - User added: janKowalski
19:37:55.726 [HTTP-Dispatcher] INFO efs.task.todoapp.AppConsoleLogger - User added: pawel
19:37:55.728 [HTTP-Dispatcher] INFO efs.task.todoapp.AppConsoleLogger - Data gonna be returned based on filter: id
19:37:55.729 [HTTP-Dispatcher] INFO efs.task.todoapp.AppConsoleLogger - Task not found
]]></system-out>
  </testcase>
  <testcase name="givenMultipleTasks_whenGettingTasks_thenCorrectCountReturned" classname="efs.task.todoapp.TaskServiceTest" time="0.029">
    <system-out><![CDATA[19:37:55.743 [HTTP-Dispatcher] INFO efs.task.todoapp.AppConsoleLogger - User added: janKowalski
19:37:55.745 [HTTP-Dispatcher] INFO efs.task.todoapp.AppConsoleLogger - User added: pawel
19:37:55.748 [HTTP-Dispatcher] INFO efs.task.todoapp.AppConsoleLogger - New task has been added for owner: janKowalski! Status code 201
19:37:55.749 [HTTP-Dispatcher] INFO efs.task.todoapp.AppConsoleLogger - New task has been added for owner: janKowalski! Status code 201
19:37:55.752 [HTTP-Dispatcher] INFO efs.task.todoapp.AppConsoleLogger - New task has been added for owner: janKowalski! Status code 201
19:37:55.760 [HTTP-Dispatcher] INFO efs.task.todoapp.AppConsoleLogger - All tasks for user: janKowalski has been returned
]]></system-out>
  </testcase>
  <testcase name="givenValidTask_whenDeleting_thenTaskIsRemoved" classname="efs.task.todoapp.TaskServiceTest" time="0.022">
    <system-out><![CDATA[19:37:55.772 [HTTP-Dispatcher] INFO efs.task.todoapp.AppConsoleLogger - User added: janKowalski
19:37:55.774 [HTTP-Dispatcher] INFO efs.task.todoapp.AppConsoleLogger - User added: pawel
19:37:55.777 [HTTP-Dispatcher] INFO efs.task.todoapp.AppConsoleLogger - New task has been added for owner: pawel! Status code 201
19:37:55.779 [HTTP-Dispatcher] INFO efs.task.todoapp.AppConsoleLogger - Data gonna be returned based on filter: id
19:37:55.780 [HTTP-Dispatcher] INFO efs.task.todoapp.AppConsoleLogger - Task has been deleted with id = c34ebe27-211d-4e19-a598-e289712f813b
19:37:55.781 [HTTP-Dispatcher] INFO efs.task.todoapp.AppConsoleLogger - All tasks for user: pawel has been returned
]]></system-out>
  </testcase>
  <testcase name="givenBlankFields_whenUpdatingTask_thenNoApplyChanges" classname="efs.task.todoapp.TaskServiceTest" time="0.023">
    <system-out><![CDATA[19:37:55.797 [HTTP-Dispatcher] INFO efs.task.todoapp.AppConsoleLogger - User added: janKowalski
19:37:55.799 [HTTP-Dispatcher] INFO efs.task.todoapp.AppConsoleLogger - User added: pawel
19:37:55.802 [HTTP-Dispatcher] INFO efs.task.todoapp.AppConsoleLogger - New task has been added for owner: pawel! Status code 201
19:37:55.804 [HTTP-Dispatcher] INFO efs.task.todoapp.AppConsoleLogger - Data gonna be returned based on filter: id
19:37:55.805 [HTTP-Dispatcher] INFO efs.task.todoapp.AppConsoleLogger - Task has been updated with id = 60bf25e6-93e5-4954-8ba5-12c4f5d81f4d! Status code 200
19:37:55.806 [HTTP-Dispatcher] INFO efs.task.todoapp.AppConsoleLogger - Data gonna be returned based on filter: id
19:37:55.807 [HTTP-Dispatcher] INFO efs.task.todoapp.AppConsoleLogger - Get task executed: \todo\task, status code 200
]]></system-out>
  </testcase>
  <testcase name="givenValidUpdate_whenUpdatingTask_thenTaskIsUpdated" classname="efs.task.todoapp.TaskServiceTest" time="0.021">
    <system-out><![CDATA[19:37:55.819 [HTTP-Dispatcher] INFO efs.task.todoapp.AppConsoleLogger - User added: janKowalski
19:37:55.822 [HTTP-Dispatcher] INFO efs.task.todoapp.AppConsoleLogger - User added: pawel
19:37:55.825 [HTTP-Dispatcher] INFO efs.task.todoapp.AppConsoleLogger - New task has been added for owner: pawel! Status code 201
19:37:55.827 [HTTP-Dispatcher] INFO efs.task.todoapp.AppConsoleLogger - Data gonna be returned based on filter: id
19:37:55.828 [HTTP-Dispatcher] INFO efs.task.todoapp.AppConsoleLogger - Task has been updated with id = 8d031b13-0b30-421b-b0d2-65060cc3782e! Status code 200
19:37:55.829 [HTTP-Dispatcher] INFO efs.task.todoapp.AppConsoleLogger - Data gonna be returned based on filter: id
19:37:55.830 [HTTP-Dispatcher] INFO efs.task.todoapp.AppConsoleLogger - Get task executed: \todo\task, status code 200
]]></system-out>
  </testcase>
  <testcase name="givenValidTaskId_whenGetting_thenReturns200AndCorrectTask" classname="efs.task.todoapp.TaskServiceTest" time="0.017">
    <system-out><![CDATA[19:37:55.841 [HTTP-Dispatcher] INFO efs.task.todoapp.AppConsoleLogger - User added: janKowalski
19:37:55.843 [HTTP-Dispatcher] INFO efs.task.todoapp.AppConsoleLogger - User added: pawel
19:37:55.846 [HTTP-Dispatcher] INFO efs.task.todoapp.AppConsoleLogger - New task has been added for owner: pawel! Status code 201
19:37:55.847 [HTTP-Dispatcher] INFO efs.task.todoapp.AppConsoleLogger - Data gonna be returned based on filter: id
19:37:55.848 [HTTP-Dispatcher] INFO efs.task.todoapp.AppConsoleLogger - Get task executed: \todo\task, status code 200
]]></system-out>
  </testcase>
  <testcase name="givenValidAuth_whenCreatingTask_thenReturns201Created" classname="efs.task.todoapp.TaskServiceTest" time="0.017">
    <system-out><![CDATA[19:37:55.860 [HTTP-Dispatcher] INFO efs.task.todoapp.AppConsoleLogger - User added: janKowalski
19:37:55.862 [HTTP-Dispatcher] INFO efs.task.todoapp.AppConsoleLogger - User added: pawel
19:37:55.865 [HTTP-Dispatcher] INFO efs.task.todoapp.AppConsoleLogger - New task has been added for owner: janKowalski! Status code 201
]]></system-out>
  </testcase>
  <testcase name="givenInvalidAuth_whenCreatingTask_thenReturns401Unauthorized" classname="efs.task.todoapp.TaskServiceTest" time="0.024">
    <system-out><![CDATA[19:37:55.879 [HTTP-Dispatcher] INFO efs.task.todoapp.AppConsoleLogger - User added: janKowalski
19:37:55.880 [HTTP-Dispatcher] INFO efs.task.todoapp.AppConsoleLogger - User added: pawel
19:37:55.884 [HTTP-Dispatcher] INFO efs.task.todoapp.AppConsoleLogger - Invalid authentication
]]></system-out>
  </testcase>
</testsuite>